<?xml version="1.0" encoding="UTF-8"?>
<!-- Generated by org.testng.reporters.JUnitReportReporter -->
<testsuite hostname="LAPTOP-DSBTRNM3" failures="0" tests="1" name="UploadDownloadExcelFiles.ParseExcel" time="1.267" errors="0" timestamp="2025-04-26T21:11:10 IST" skipped="0">
  <testcase classname="UploadDownloadExcelFiles.ParseExcel" name="getData" time="1.267"/>
</testsuite> <!-- UploadDownloadExcelFiles.ParseExcel -->
