<?xml version="1.0" encoding="UTF-8"?>
<!-- Generated by org.testng.reporters.JUnitReportReporter -->
<testsuite hostname="LAPTOP-DSBTRNM3" failures="0" tests="1" name="UploadDownloadExcelFiles.UploadDownload" time="8.647" errors="0" timestamp="2025-04-26T22:48:03 IST" skipped="0">
  <testcase classname="UploadDownloadExcelFiles.UploadDownload" name="uploadOrDownloadFile" time="8.647"/>
</testsuite> <!-- UploadDownloadExcelFiles.UploadDownload -->
