<?xml version="1.0" encoding="UTF-8"?>
<!-- Generated by org.testng.reporters.JUnitReportReporter -->
<testsuite hostname="LAPTOP-DSBTRNM3" failures="0" tests="10" name="DataProviderWithExcel.TestDataProviderWithExcel" time="0.066" errors="0" timestamp="2025-04-26T19:48:57 IST" skipped="0">
  <testcase classname="DataProviderWithExcel.TestDataProviderWithExcel" name="getData" time="0.014"/>
  <testcase classname="DataProviderWithExcel.TestDataProviderWithExcel" name="getData" time="0.002"/>
  <testcase classname="DataProviderWithExcel.TestDataProviderWithExcel" name="getData" time="0.002"/>
  <testcase classname="DataProviderWithExcel.TestDataProviderWithExcel" name="getData" time="0.003"/>
  <testcase classname="DataProviderWithExcel.TestDataProviderWithExcel" name="getData" time="0.008"/>
  <testcase classname="DataProviderWithExcel.TestDataProviderWithExcel" name="getData" time="0.006"/>
  <testcase classname="DataProviderWithExcel.TestDataProviderWithExcel" name="getData" time="0.012"/>
  <testcase classname="DataProviderWithExcel.TestDataProviderWithExcel" name="getData" time="0.002"/>
  <testcase classname="DataProviderWithExcel.TestDataProviderWithExcel" name="getData" time="0.006"/>
  <testcase classname="DataProviderWithExcel.TestDataProviderWithExcel" name="getData" time="0.011"/>
</testsuite> <!-- DataProviderWithExcel.TestDataProviderWithExcel -->
